# JRE version: OpenJDK Runtime Environment Temurin-21.0.6+7 (21.0.6+7) (build 21.0.6+7-LTS)
# Java VM: OpenJDK 64-Bit Server VM Temurin-21.0.6+7 (21.0.6+7-LTS, mixed mode, sharing, tiered, compressed oops, compressed class ptrs, parallel gc, windows-amd64)
GC Precious Log:
 CardTable entry size: 512
 CPUs: 12 total, 12 available
 Memory: 7900M
 Large Page Support: Disabled
 NUMA Support: Disabled
 Compressed Oops: Enabled (32-bit)
 Alignments: Space 512K, Generation 512K, Heap 2M
 Heap Min Capacity: 100M
 Heap Initial Capacity: 100M
 Heap Max Capacity: 1G
 Pre-touch: Disabled
 Parallel Workers: 10
Heap:
 PSYoungGen      total 6144K, used 631K [0x00000000eab00000, 0x00000000eb300000, 0x0000000100000000)
  eden space 5120K, 4% used [0x00000000eab00000,0x00000000eab3df10,0x00000000eb000000)
  from space 1024K, 37% used [0x00000000eb000000,0x00000000eb060000,0x00000000eb100000)
  to   space 1024K, 0% used [0x00000000eb200000,0x00000000eb200000,0x00000000eb300000)
 ParOldGen       total 509440K, used 393006K [0x00000000c0000000, 0x00000000df180000, 0x00000000eab00000)
  object space 509440K, 77% used [0x00000000c0000000,0x00000000d7fcb9d0,0x00000000df180000)
 Metaspace       used 66122K, committed 67456K, reserved 1114112K
  class space    used 6576K, committed 7168K, reserved 1048576K
GC Heap History (20 events):
Event: 171.253 GC heap before
{Heap before GC invocations=959 (full 3):
 PSYoungGen      total 4096K, used 3552K [0x00000000eab00000, 0x00000000eb000000, 0x0000000100000000)
  eden space 3072K, 100% used [0x00000000eab00000,0x00000000eae00000,0x00000000eae00000)
  from space 1024K, 46% used [0x00000000eae00000,0x00000000eae78000,0x00000000eaf00000)
  to   space 512K, 0% used [0x00000000eaf80000,0x00000000eaf80000,0x00000000eb000000)
 ParOldGen       total 509440K, used 388463K [0x00000000c0000000, 0x00000000df180000, 0x00000000eab00000)
  object space 509440K, 76% used [0x00000000c0000000,0x00000000d7b5bcb8,0x00000000df180000)
 Metaspace       used 65962K, committed 67328K, reserved 1114112K
  class space    used 6550K, committed 7168K, reserved 1048576K
}
Event: 171.259 GC heap after
{Heap after GC invocations=959 (full 3):
 PSYoungGen      total 3584K, used 480K [0x00000000eab00000, 0x00000000eb000000, 0x0000000100000000)
  eden space 3072K, 0% used [0x00000000eab00000,0x00000000eab00000,0x00000000eae00000)
  from space 512K, 93% used [0x00000000eaf80000,0x00000000eaff8000,0x00000000eb000000)
  to   space 512K, 0% used [0x00000000eaf00000,0x00000000eaf00000,0x00000000eaf80000)
 ParOldGen       total 509440K, used 388871K [0x00000000c0000000, 0x00000000df180000, 0x00000000eab00000)
  object space 509440K, 76% used [0x00000000c0000000,0x00000000d7bc1cb8,0x00000000df180000)
 Metaspace       used 65962K, committed 67328K, reserved 1114112K
  class space    used 6550K, committed 7168K, reserved 1048576K
}
Event: 171.586 GC heap before
{Heap before GC invocations=960 (full 3):
 PSYoungGen      total 3584K, used 3552K [0x00000000eab00000, 0x00000000eb000000, 0x0000000100000000)
  eden space 3072K, 100% used [0x00000000eab00000,0x00000000eae00000,0x00000000eae00000)
  from space 512K, 93% used [0x00000000eaf80000,0x00000000eaff8000,0x00000000eb000000)
  to   space 512K, 0% used [0x00000000eaf00000,0x00000000eaf00000,0x00000000eaf80000)
 ParOldGen       total 509440K, used 388871K [0x00000000c0000000, 0x00000000df180000, 0x00000000eab00000)
  object space 509440K, 76% used [0x00000000c0000000,0x00000000d7bc1cb8,0x00000000df180000)
 Metaspace       used 65965K, committed 67328K, reserved 1114112K
  class space    used 6550K, committed 7168K, reserved 1048576K
}
Event: 171.604 GC heap after
{Heap after GC invocations=960 (full 3):
 PSYoungGen      total 3584K, used 496K [0x00000000eab00000, 0x00000000eb000000, 0x0000000100000000)
  eden space 3072K, 0% used [0x00000000eab00000,0x00000000eab00000,0x00000000eae00000)
  from space 512K, 96% used [0x00000000eaf00000,0x00000000eaf7c010,0x00000000eaf80000)
  to   space 512K, 0% used [0x00000000eaf80000,0x00000000eaf80000,0x00000000eb000000)
 ParOldGen       total 509440K, used 389295K [0x00000000c0000000, 0x00000000df180000, 0x00000000eab00000)
  object space 509440K, 76% used [0x00000000c0000000,0x00000000d7c2bcb8,0x00000000df180000)
 Metaspace       used 65965K, committed 67328K, reserved 1114112K
  class space    used 6550K, committed 7168K, reserved 1048576K
}
Event: 171.658 GC heap before
{Heap before GC invocations=961 (full 3):
 PSYoungGen      total 3584K, used 3568K [0x00000000eab00000, 0x00000000eb000000, 0x0000000100000000)
  eden space 3072K, 100% used [0x00000000eab00000,0x00000000eae00000,0x00000000eae00000)
  from space 512K, 96% used [0x00000000eaf00000,0x00000000eaf7c010,0x00000000eaf80000)
  to   space 512K, 0% used [0x00000000eaf80000,0x00000000eaf80000,0x00000000eb000000)
 ParOldGen       total 509440K, used 389295K [0x00000000c0000000, 0x00000000df180000, 0x00000000eab00000)
  object space 509440K, 76% used [0x00000000c0000000,0x00000000d7c2bcb8,0x00000000df180000)
 Metaspace       used 65979K, committed 67392K, reserved 1114112K
  class space    used 6553K, committed 7168K, reserved 1048576K
}
Event: 171.668 GC heap after
{Heap after GC invocations=961 (full 3):
 PSYoungGen      total 3584K, used 492K [0x00000000eab00000, 0x00000000eb000000, 0x0000000100000000)
  eden space 3072K, 0% used [0x00000000eab00000,0x00000000eab00000,0x00000000eae00000)
  from space 512K, 96% used [0x00000000eaf80000,0x00000000eaffb008,0x00000000eb000000)
  to   space 1024K, 0% used [0x00000000eae00000,0x00000000eae00000,0x00000000eaf00000)
 ParOldGen       total 509440K, used 389759K [0x00000000c0000000, 0x00000000df180000, 0x00000000eab00000)
  object space 509440K, 76% used [0x00000000c0000000,0x00000000d7c9fcb8,0x00000000df180000)
 Metaspace       used 65979K, committed 67392K, reserved 1114112K
  class space    used 6553K, committed 7168K, reserved 1048576K
}
Event: 171.725 GC heap before
{Heap before GC invocations=962 (full 3):
 PSYoungGen      total 3584K, used 3554K [0x00000000eab00000, 0x00000000eb000000, 0x0000000100000000)
  eden space 3072K, 99% used [0x00000000eab00000,0x00000000eadfd958,0x00000000eae00000)
  from space 512K, 96% used [0x00000000eaf80000,0x00000000eaffb008,0x00000000eb000000)
  to   space 1024K, 0% used [0x00000000eae00000,0x00000000eae00000,0x00000000eaf00000)
 ParOldGen       total 509440K, used 389759K [0x00000000c0000000, 0x00000000df180000, 0x00000000eab00000)
  object space 509440K, 76% used [0x00000000c0000000,0x00000000d7c9fcb8,0x00000000df180000)
 Metaspace       used 65989K, committed 67392K, reserved 1114112K
  class space    used 6556K, committed 7168K, reserved 1048576K
}
Event: 171.737 GC heap after
{Heap after GC invocations=962 (full 3):
 PSYoungGen      total 4096K, used 694K [0x00000000eab00000, 0x00000000eb000000, 0x0000000100000000)
  eden space 3072K, 0% used [0x00000000eab00000,0x00000000eab00000,0x00000000eae00000)
  from space 1024K, 67% used [0x00000000eae00000,0x00000000eaeadbb8,0x00000000eaf00000)
  to   space 1024K, 0% used [0x00000000eaf00000,0x00000000eaf00000,0x00000000eb000000)
 ParOldGen       total 509440K, used 390235K [0x00000000c0000000, 0x00000000df180000, 0x00000000eab00000)
  object space 509440K, 76% used [0x00000000c0000000,0x00000000d7d16cc0,0x00000000df180000)
 Metaspace       used 65989K, committed 67392K, reserved 1114112K
  class space    used 6556K, committed 7168K, reserved 1048576K
}
Event: 171.816 GC heap before
{Heap before GC invocations=963 (full 3):
 PSYoungGen      total 4096K, used 3766K [0x00000000eab00000, 0x00000000eb000000, 0x0000000100000000)
  eden space 3072K, 100% used [0x00000000eab00000,0x00000000eae00000,0x00000000eae00000)
  from space 1024K, 67% used [0x00000000eae00000,0x00000000eaeadbb8,0x00000000eaf00000)
  to   space 1024K, 0% used [0x00000000eaf00000,0x00000000eaf00000,0x00000000eb000000)
 ParOldGen       total 509440K, used 390235K [0x00000000c0000000, 0x00000000df180000, 0x00000000eab00000)
  object space 509440K, 76% used [0x00000000c0000000,0x00000000d7d16cc0,0x00000000df180000)
 Metaspace       used 65989K, committed 67392K, reserved 1114112K
  class space    used 6556K, committed 7168K, reserved 1048576K
}
Event: 171.820 GC heap after
{Heap after GC invocations=963 (full 3):
 PSYoungGen      total 4096K, used 512K [0x00000000eab00000, 0x00000000eb000000, 0x0000000100000000)
  eden space 3072K, 0% used [0x00000000eab00000,0x00000000eab00000,0x00000000eae00000)
  from space 1024K, 50% used [0x00000000eaf00000,0x00000000eaf80000,0x00000000eb000000)
  to   space 1024K, 0% used [0x00000000eae00000,0x00000000eae00000,0x00000000eaf00000)
 ParOldGen       total 509440K, used 390633K [0x00000000c0000000, 0x00000000df180000, 0x00000000eab00000)
  object space 509440K, 76% used [0x00000000c0000000,0x00000000d7d7a7c8,0x00000000df180000)
 Metaspace       used 65989K, committed 67392K, reserved 1114112K
  class space    used 6556K, committed 7168K, reserved 1048576K
}
Event: 171.846 GC heap before
{Heap before GC invocations=964 (full 3):
 PSYoungGen      total 4096K, used 3584K [0x00000000eab00000, 0x00000000eb000000, 0x0000000100000000)
  eden space 3072K, 100% used [0x00000000eab00000,0x00000000eae00000,0x00000000eae00000)
  from space 1024K, 50% used [0x00000000eaf00000,0x00000000eaf80000,0x00000000eb000000)
  to   space 1024K, 0% used [0x00000000eae00000,0x00000000eae00000,0x00000000eaf00000)
 ParOldGen       total 509440K, used 390633K [0x00000000c0000000, 0x00000000df180000, 0x00000000eab00000)
  object space 509440K, 76% used [0x00000000c0000000,0x00000000d7d7a7c8,0x00000000df180000)
 Metaspace       used 65989K, committed 67392K, reserved 1114112K
  class space    used 6556K, committed 7168K, reserved 1048576K
}
Event: 171.914 GC heap after
{Heap after GC invocations=964 (full 3):
 PSYoungGen      total 4096K, used 576K [0x00000000eab00000, 0x00000000eb100000, 0x0000000100000000)
  eden space 3072K, 0% used [0x00000000eab00000,0x00000000eab00000,0x00000000eae00000)
  from space 1024K, 56% used [0x00000000eae00000,0x00000000eae90000,0x00000000eaf00000)
  to   space 1024K, 0% used [0x00000000eb000000,0x00000000eb000000,0x00000000eb100000)
 ParOldGen       total 509440K, used 391054K [0x00000000c0000000, 0x00000000df180000, 0x00000000eab00000)
  object space 509440K, 76% used [0x00000000c0000000,0x00000000d7de39d0,0x00000000df180000)
 Metaspace       used 65989K, committed 67392K, reserved 1114112K
  class space    used 6556K, committed 7168K, reserved 1048576K
}
Event: 171.983 GC heap before
{Heap before GC invocations=965 (full 3):
 PSYoungGen      total 4096K, used 3648K [0x00000000eab00000, 0x00000000eb100000, 0x0000000100000000)
  eden space 3072K, 100% used [0x00000000eab00000,0x00000000eae00000,0x00000000eae00000)
  from space 1024K, 56% used [0x00000000eae00000,0x00000000eae90000,0x00000000eaf00000)
  to   space 1024K, 0% used [0x00000000eb000000,0x00000000eb000000,0x00000000eb100000)
 ParOldGen       total 509440K, used 391054K [0x00000000c0000000, 0x00000000df180000, 0x00000000eab00000)
  object space 509440K, 76% used [0x00000000c0000000,0x00000000d7de39d0,0x00000000df180000)
 Metaspace       used 65990K, committed 67392K, reserved 1114112K
  class space    used 6556K, committed 7168K, reserved 1048576K
}
Event: 172.062 GC heap after
{Heap after GC invocations=965 (full 3):
 PSYoungGen      total 5120K, used 512K [0x00000000eab00000, 0x00000000eb100000, 0x0000000100000000)
  eden space 4096K, 0% used [0x00000000eab00000,0x00000000eab00000,0x00000000eaf00000)
  from space 1024K, 50% used [0x00000000eb000000,0x00000000eb080000,0x00000000eb100000)
  to   space 1024K, 0% used [0x00000000eaf00000,0x00000000eaf00000,0x00000000eb000000)
 ParOldGen       total 509440K, used 391502K [0x00000000c0000000, 0x00000000df180000, 0x00000000eab00000)
  object space 509440K, 76% used [0x00000000c0000000,0x00000000d7e539d0,0x00000000df180000)
 Metaspace       used 65990K, committed 67392K, reserved 1114112K
  class space    used 6556K, committed 7168K, reserved 1048576K
}
Event: 172.150 GC heap before
{Heap before GC invocations=966 (full 3):
 PSYoungGen      total 5120K, used 4608K [0x00000000eab00000, 0x00000000eb100000, 0x0000000100000000)
  eden space 4096K, 100% used [0x00000000eab00000,0x00000000eaf00000,0x00000000eaf00000)
  from space 1024K, 50% used [0x00000000eb000000,0x00000000eb080000,0x00000000eb100000)
  to   space 1024K, 0% used [0x00000000eaf00000,0x00000000eaf00000,0x00000000eb000000)
 ParOldGen       total 509440K, used 391502K [0x00000000c0000000, 0x00000000df180000, 0x00000000eab00000)
  object space 509440K, 76% used [0x00000000c0000000,0x00000000d7e539d0,0x00000000df180000)
 Metaspace       used 65990K, committed 67392K, reserved 1114112K
  class space    used 6556K, committed 7168K, reserved 1048576K
}
Event: 172.185 GC heap after
{Heap after GC invocations=966 (full 3):
 PSYoungGen      total 5120K, used 672K [0x00000000eab00000, 0x00000000eb200000, 0x0000000100000000)
  eden space 4096K, 0% used [0x00000000eab00000,0x00000000eab00000,0x00000000eaf00000)
  from space 1024K, 65% used [0x00000000eaf00000,0x00000000eafa8000,0x00000000eb000000)
  to   space 1024K, 0% used [0x00000000eb100000,0x00000000eb100000,0x00000000eb200000)
 ParOldGen       total 509440K, used 391910K [0x00000000c0000000, 0x00000000df180000, 0x00000000eab00000)
  object space 509440K, 76% used [0x00000000c0000000,0x00000000d7eb99d0,0x00000000df180000)
 Metaspace       used 65990K, committed 67392K, reserved 1114112K
  class space    used 6556K, committed 7168K, reserved 1048576K
}
Event: 172.445 GC heap before
{Heap before GC invocations=967 (full 3):
 PSYoungGen      total 5120K, used 4767K [0x00000000eab00000, 0x00000000eb200000, 0x0000000100000000)
  eden space 4096K, 99% used [0x00000000eab00000,0x00000000eaeffff8,0x00000000eaf00000)
  from space 1024K, 65% used [0x00000000eaf00000,0x00000000eafa8000,0x00000000eb000000)
  to   space 1024K, 0% used [0x00000000eb100000,0x00000000eb100000,0x00000000eb200000)
 ParOldGen       total 509440K, used 391910K [0x00000000c0000000, 0x00000000df180000, 0x00000000eab00000)
  object space 509440K, 76% used [0x00000000c0000000,0x00000000d7eb99d0,0x00000000df180000)
 Metaspace       used 65990K, committed 67392K, reserved 1114112K
  class space    used 6556K, committed 7168K, reserved 1048576K
}
Event: 172.660 GC heap after
{Heap after GC invocations=967 (full 3):
 PSYoungGen      total 6144K, used 957K [0x00000000eab00000, 0x00000000eb200000, 0x0000000100000000)
  eden space 5120K, 0% used [0x00000000eab00000,0x00000000eab00000,0x00000000eb000000)
  from space 1024K, 93% used [0x00000000eb100000,0x00000000eb1ef540,0x00000000eb200000)
  to   space 1024K, 0% used [0x00000000eb000000,0x00000000eb000000,0x00000000eb100000)
 ParOldGen       total 509440K, used 392470K [0x00000000c0000000, 0x00000000df180000, 0x00000000eab00000)
  object space 509440K, 77% used [0x00000000c0000000,0x00000000d7f459d0,0x00000000df180000)
 Metaspace       used 65990K, committed 67392K, reserved 1114112K
  class space    used 6556K, committed 7168K, reserved 1048576K
}
Event: 174.740 GC heap before
{Heap before GC invocations=968 (full 3):
 PSYoungGen      total 6144K, used 6077K [0x00000000eab00000, 0x00000000eb200000, 0x0000000100000000)
  eden space 5120K, 100% used [0x00000000eab00000,0x00000000eb000000,0x00000000eb000000)
  from space 1024K, 93% used [0x00000000eb100000,0x00000000eb1ef540,0x00000000eb200000)
  to   space 1024K, 0% used [0x00000000eb000000,0x00000000eb000000,0x00000000eb100000)
 ParOldGen       total 509440K, used 392470K [0x00000000c0000000, 0x00000000df180000, 0x00000000eab00000)
  object space 509440K, 77% used [0x00000000c0000000,0x00000000d7f459d0,0x00000000df180000)
 Metaspace       used 66099K, committed 67456K, reserved 1114112K
  class space    used 6570K, committed 7168K, reserved 1048576K
}
Event: 175.984 GC heap after
{Heap after GC invocations=968 (full 3):
 PSYoungGen      total 6144K, used 384K [0x00000000eab00000, 0x00000000eb300000, 0x0000000100000000)
  eden space 5120K, 0% used [0x00000000eab00000,0x00000000eab00000,0x00000000eb000000)
  from space 1024K, 37% used [0x00000000eb000000,0x00000000eb060000,0x00000000eb100000)
  to   space 1024K, 0% used [0x00000000eb200000,0x00000000eb200000,0x00000000eb300000)
 ParOldGen       total 509440K, used 393006K [0x00000000c0000000, 0x00000000df180000, 0x00000000eab00000)
  object space 509440K, 77% used [0x00000000c0000000,0x00000000d7fcb9d0,0x00000000df180000)
 Metaspace       used 66099K, committed 67456K, reserved 1114112K
  class space    used 6570K, committed 7168K, reserved 1048576K
}

